<?xml version="1.0" encoding="UTF-8"?>
<testng-results skipped="0" failed="0" ignored="0" total="1" passed="1">
  <reporter-output>
  </reporter-output>
  <suite name="Suite" duration-ms="10618" started-at="2021-03-14T18:18:47 IST" finished-at="2021-03-14T18:18:57 IST">
    <groups>
    </groups>
    <test name="Test" duration-ms="10618" started-at="2021-03-14T18:18:47 IST" finished-at="2021-03-14T18:18:57 IST">
      <class name="testCases.CreateNewAccount">
        <test-method status="PASS" signature="initialSetup()[pri:0, instance:testCases.CreateNewAccount@167fdd33]" name="initialSetup" is-config="true" duration-ms="18421" started-at="2021-03-14T18:18:28 IST" finished-at="2021-03-14T18:18:47 IST">
          <reporter-output>
          </reporter-output>
        </test-method> <!-- initialSetup -->
        <test-method status="PASS" signature="testCase2()[pri:0, instance:testCases.CreateNewAccount@167fdd33]" name="testCase2" duration-ms="10538" started-at="2021-03-14T18:18:47 IST" finished-at="2021-03-14T18:18:57 IST">
          <reporter-output>
          </reporter-output>
        </test-method> <!-- testCase2 -->
      </class> <!-- testCases.CreateNewAccount -->
    </test> <!-- Test -->
  </suite> <!-- Suite -->
</testng-results>
